app/(admin)/riders/page.tsx(26,11): error TS2339: Property 'rider_sortby' does not exist on type '"df" | { rider_sortopen: boolean; rider_setsortopen: Dispatch<SetStateAction<boolean>>; rider_filteropen: boolean; rider_setfilteropen: Dispatch<SetStateAction<boolean>>; rider_sortby: string; rider_setsortby: Dispatch<...>; }'.
app/context/Userpage.tsx(36,3): error TS2322: Type '{ user_sortopen: boolean; user_setsortopen: Dispatch<SetStateAction<boolean>>; user_filteropen: boolean; user_setfilteropen: Dispatch<SetStateAction<boolean>>; user_sortby: string; user_setsortby: Dispatch<...>; } | null' is not assignable to type '{ user_sortopen: boolean; user_setsortopen: Dispatch<SetStateAction<boolean>>; user_filteropen: boolean; user_setfilteropen: Dispatch<SetStateAction<boolean>>; user_sortby: string; user_setsortby: Dispatch<...>; }'.
  Type 'null' is not assignable to type '{ user_sortopen: boolean; user_setsortopen: Dispatch<SetStateAction<boolean>>; user_filteropen: boolean; user_setfilteropen: Dispatch<SetStateAction<boolean>>; user_sortby: string; user_setsortby: Dispatch<...>; }'.
assets/datas/data.ts(53,14): error TS2322: Type '{ id: string; date: string; customer: string; payment: string; total: string; status: string; items: number; rider: string; }[]' is not assignable to type '{ id: string; date: string; customer: string; payment: string; total: string; status: "Delivered" | "Cancelled" | "Pending" | "Processing"; items: number; rider: string; }[]'.
  Type '{ id: string; date: string; customer: string; payment: string; total: string; status: string; items: number; rider: string; }' is not assignable to type '{ id: string; date: string; customer: string; payment: string; total: string; status: "Delivered" | "Cancelled" | "Pending" | "Processing"; items: number; rider: string; }'.
    Types of property 'status' are incompatible.
      Type 'string' is not assignable to type '"Delivered" | "Cancelled" | "Pending" | "Processing"'.
components/category/Categoryrow.tsx(74,13): error TS2322: Type '{ children: Element; id: number; data: Category; setloading: Dispatch<SetStateAction<boolean>>; handlefetch: () => void | Promise<void>; }' is not assignable to type 'IntrinsicAttributes & { data: Category; id: string | number; children: ReactNode; }'.
  Property 'setloading' does not exist on type 'IntrinsicAttributes & { data: Category; id: string | number; children: ReactNode; }'.
components/category/Categoryrow.tsx(88,13): error TS2322: Type '() => void | Promise<void>' is not assignable to type '() => Promise<void>'.
  Type 'void | Promise<void>' is not assignable to type 'Promise<void>'.
    Type 'void' is not assignable to type 'Promise<void>'.
components/category/Editcategory.tsx(39,3): error TS2339: Property 'setloading' does not exist on type '{ data: Supercategory; id: string | number; children: ReactNode; }'.
components/category/Editcategory.tsx(40,3): error TS2339: Property 'handlefetch' does not exist on type '{ data: Supercategory; id: string | number; children: ReactNode; }'.
components/category/Editcategory.tsx(133,3): error TS2339: Property 'setloading' does not exist on type '{ data: Category; id: string | number; children: ReactNode; }'.
components/category/Editcategory.tsx(134,3): error TS2339: Property 'handlefetch' does not exist on type '{ data: Category; id: string | number; children: ReactNode; }'.
components/category/Editcategory.tsx(165,24): error TS2339: Property 'files' does not exist on type 'EventTarget & (HTMLInputElement | HTMLTextAreaElement)'.
  Property 'files' does not exist on type 'EventTarget & HTMLTextAreaElement'.
components/category/SuperCategoryrow.tsx(50,13): error TS2322: Type '{ children: Element; id: number; data: Supercategory; setloading: Dispatch<SetStateAction<boolean>>; handlefetch: () => void | Promise<void>; }' is not assignable to type 'IntrinsicAttributes & { data: Supercategory; id: string | number; children: ReactNode; }'.
  Property 'setloading' does not exist on type 'IntrinsicAttributes & { data: Supercategory; id: string | number; children: ReactNode; }'.
components/category/SuperCategoryrow.tsx(63,13): error TS2322: Type '() => void | Promise<void>' is not assignable to type '() => Promise<void>'.
  Type 'void | Promise<void>' is not assignable to type 'Promise<void>'.
    Type 'void' is not assignable to type 'Promise<void>'.
components/globals/Menubars.tsx(287,15): error TS2769: No overload matches this call.
  Overload 1 of 2, '(props: LinkProps<"/reporting">): JSX.Element', gave the following error.
    Type '"/reporting"' is not assignable to type 'UrlObject | RouteImpl<"/reporting">'.
  Overload 2 of 2, '(props: LinkProps<"/reporting">): JSX.Element', gave the following error.
    Type '"/reporting"' is not assignable to type 'UrlObject | RouteImpl<"/reporting">'.
components/globals/Profilsegmentofsidebar.tsx(14,13): error TS2322: Type 'string | StaticImageData | null' is not assignable to type 'string | StaticImport'.
  Type 'null' is not assignable to type 'string | StaticImport'.
components/globals/ServerMypagination.tsx(36,17): error TS2769: No overload matches this call.
  Overload 1 of 2, '(props: LinkProps<`/${string}?page=${number}`>): JSX.Element', gave the following error.
    Type '`/${string}?page=${number}`' is not assignable to type 'UrlObject | RouteImpl<`/${string}?page=${number}`>'.
  Overload 2 of 2, '(props: LinkProps<`/${string}?page=${number}`>): JSX.Element', gave the following error.
    Type '`/${string}?page=${number}`' is not assignable to type 'UrlObject | RouteImpl<`/${string}?page=${number}`>'.
components/globals/ServerMypagination.tsx(56,23): error TS2769: No overload matches this call.
  Overload 1 of 2, '(props: LinkProps<`/${string}?page=${number}`>): JSX.Element', gave the following error.
    Type '`/${string}?page=${number}`' is not assignable to type 'UrlObject | RouteImpl<`/${string}?page=${number}`>'.
  Overload 2 of 2, '(props: LinkProps<`/${string}?page=${number}`>): JSX.Element', gave the following error.
    Type '`/${string}?page=${number}`' is not assignable to type 'UrlObject | RouteImpl<`/${string}?page=${number}`>'.
components/globals/ServerMypagination.tsx(66,19): error TS2769: No overload matches this call.
  Overload 1 of 2, '(props: LinkProps<`/${string}?page=1`>): JSX.Element', gave the following error.
    Type '`/${string}?page=1`' is not assignable to type 'UrlObject | RouteImpl<`/${string}?page=1`>'.
  Overload 2 of 2, '(props: LinkProps<`/${string}?page=1`>): JSX.Element', gave the following error.
    Type '`/${string}?page=1`' is not assignable to type 'UrlObject | RouteImpl<`/${string}?page=1`>'.
components/globals/ServerMypagination.tsx(77,17): error TS2769: No overload matches this call.
  Overload 1 of 2, '(props: LinkProps<`/${string}?page=3`>): JSX.Element', gave the following error.
    Type '`/${string}?page=3`' is not assignable to type 'UrlObject | RouteImpl<`/${string}?page=3`>'.
  Overload 2 of 2, '(props: LinkProps<`/${string}?page=3`>): JSX.Element', gave the following error.
    Type '`/${string}?page=3`' is not assignable to type 'UrlObject | RouteImpl<`/${string}?page=3`>'.
components/globals/ServerMypagination.tsx(85,13): error TS2367: This comparison appears to be unintentional because the types '3' and '4' have no overlap.
components/globals/ServerMypagination.tsx(88,17): error TS2769: No overload matches this call.
  Overload 1 of 2, '(props: LinkProps<`/${string}?page=4`>): JSX.Element', gave the following error.
    Type '`/${string}?page=4`' is not assignable to type 'UrlObject | RouteImpl<`/${string}?page=4`>'.
  Overload 2 of 2, '(props: LinkProps<`/${string}?page=4`>): JSX.Element', gave the following error.
    Type '`/${string}?page=4`' is not assignable to type 'UrlObject | RouteImpl<`/${string}?page=4`>'.
components/globals/ServerMypagination.tsx(106,19): error TS2769: No overload matches this call.
  Overload 1 of 2, '(props: LinkProps<`/${string}?page=${number}`>): JSX.Element', gave the following error.
    Type '`/${string}?page=${number}`' is not assignable to type 'UrlObject | RouteImpl<`/${string}?page=${number}`>'.
  Overload 2 of 2, '(props: LinkProps<`/${string}?page=${number}`>): JSX.Element', gave the following error.
    Type '`/${string}?page=${number}`' is not assignable to type 'UrlObject | RouteImpl<`/${string}?page=${number}`>'.
components/globals/ServerMypagination.tsx(120,19): error TS2769: No overload matches this call.
  Overload 1 of 2, '(props: LinkProps<`/${string}?page=${number}`>): JSX.Element', gave the following error.
    Type '`/${string}?page=${number}`' is not assignable to type 'UrlObject | RouteImpl<`/${string}?page=${number}`>'.
  Overload 2 of 2, '(props: LinkProps<`/${string}?page=${number}`>): JSX.Element', gave the following error.
    Type '`/${string}?page=${number}`' is not assignable to type 'UrlObject | RouteImpl<`/${string}?page=${number}`>'.
components/globals/ServerMypagination.tsx(135,17): error TS2769: No overload matches this call.
  Overload 1 of 2, '(props: LinkProps<`/${string}?page=${number}`>): JSX.Element', gave the following error.
    Type '`/${string}?page=${number}`' is not assignable to type 'UrlObject | RouteImpl<`/${string}?page=${number}`>'.
  Overload 2 of 2, '(props: LinkProps<`/${string}?page=${number}`>): JSX.Element', gave the following error.
    Type '`/${string}?page=${number}`' is not assignable to type 'UrlObject | RouteImpl<`/${string}?page=${number}`>'.
components/globals/ServerMypagination.tsx(146,13): error TS2769: No overload matches this call.
  Overload 1 of 2, '(props: LinkProps<`/${string}?page=${number}`>): JSX.Element', gave the following error.
    Type '`/${string}?page=${number}`' is not assignable to type 'UrlObject | RouteImpl<`/${string}?page=${number}`>'.
  Overload 2 of 2, '(props: LinkProps<`/${string}?page=${number}`>): JSX.Element', gave the following error.
    Type '`/${string}?page=${number}`' is not assignable to type 'UrlObject | RouteImpl<`/${string}?page=${number}`>'.
components/nessasery/Dilog.tsx(32,11): error TS2554: Expected 6 arguments, but got 3.
components/orderprov/Addprov.tsx(34,3): error TS2339: Property 'setloading' does not exist on type '{ children: ReactNode; }'.
components/orderprov/Addprov.tsx(35,3): error TS2339: Property 'handlefetch' does not exist on type '{ children: ReactNode; }'.
components/orderprov/Addprov.tsx(57,7): error TS2322: Type 'File' is not assignable to type 'string'.
components/orderprov/Addprov.tsx(57,15): error TS18047: 'e.target.files' is possibly 'null'.
components/orderprov/Editorderprov.tsx(37,3): error TS2339: Property 'setloading' does not exist on type '{ id: string | number; children: ReactNode; }'.
components/orderprov/Editorderprov.tsx(38,3): error TS2339: Property 'handlefetch' does not exist on type '{ id: string | number; children: ReactNode; }'.
components/orderprov/Editorderprov.tsx(62,7): error TS2322: Type 'File' is not assignable to type 'string'.
components/orderprov/Editorderprov.tsx(62,15): error TS18047: 'e.target.files' is possibly 'null'.
components/orderprov/Editorderprov.tsx(115,20): error TS7006: Parameter 'value' implicitly has an 'any' type.
components/orderprov/Editorderprov.tsx(134,17): error TS2322: Type '{ value: string; setvalue: (value: any) => void; plac: string; }' is not assignable to type 'IntrinsicAttributes & { children: ReactNode; plac: string; }'.
  Property 'value' does not exist on type 'IntrinsicAttributes & { children: ReactNode; plac: string; }'.
components/orderprov/Selectforpro.tsx(14,3): error TS2339: Property 'value' does not exist on type '{ children: ReactNode; plac: string; }'.
components/orderprov/Selectforpro.tsx(15,3): error TS2339: Property 'setvalue' does not exist on type '{ children: ReactNode; plac: string; }'.
components/Orders/Infodiolog.tsx(18,10): error TS2614: Module '"./Orderrow"' has no exported member 'ord'. Did you mean to use 'import ord from "./Orderrow"' instead?
components/Orders/Sortdiologsection.tsx(19,11): error TS2339: Property 'sortopen' does not exist on type '{ sortopen: boolean; setsortopen: Dispatch<SetStateAction<boolean>>; filteropen: boolean; setfilteropen: Dispatch<SetStateAction<boolean>>; sortby: string; setsortby: Dispatch<...>; } | null'.
components/Orders/Sortdiologsection.tsx(19,21): error TS2339: Property 'setsortopen' does not exist on type '{ sortopen: boolean; setsortopen: Dispatch<SetStateAction<boolean>>; filteropen: boolean; setfilteropen: Dispatch<SetStateAction<boolean>>; sortby: string; setsortby: Dispatch<...>; } | null'.
components/Orders/Sortdiologsection.tsx(19,34): error TS2339: Property 'sortby' does not exist on type '{ sortopen: boolean; setsortopen: Dispatch<SetStateAction<boolean>>; filteropen: boolean; setfilteropen: Dispatch<SetStateAction<boolean>>; sortby: string; setsortby: Dispatch<...>; } | null'.
components/Orders/Sortdiologsection.tsx(19,42): error TS2339: Property 'setsortby' does not exist on type '{ sortopen: boolean; setsortopen: Dispatch<SetStateAction<boolean>>; filteropen: boolean; setfilteropen: Dispatch<SetStateAction<boolean>>; sortby: string; setsortby: Dispatch<...>; } | null'.
components/partner/Partnershortdiologsection.tsx(20,5): error TS2339: Property 'partner_sortopen' does not exist on type '{ partner_sortopen: boolean; partner_setsortopen: Dispatch<SetStateAction<boolean>>; partner_filteropen: boolean; partner_setfilteropen: Dispatch<SetStateAction<boolean>>; partner_sortby: string; partner_setsortby: Dispatch<...>; } | null'.
components/partner/Partnershortdiologsection.tsx(21,5): error TS2339: Property 'partner_setsortopen' does not exist on type '{ partner_sortopen: boolean; partner_setsortopen: Dispatch<SetStateAction<boolean>>; partner_filteropen: boolean; partner_setfilteropen: Dispatch<SetStateAction<boolean>>; partner_sortby: string; partner_setsortby: Dispatch<...>; } | null'.
components/partner/Partnershortdiologsection.tsx(22,5): error TS2339: Property 'partner_sortby' does not exist on type '{ partner_sortopen: boolean; partner_setsortopen: Dispatch<SetStateAction<boolean>>; partner_filteropen: boolean; partner_setfilteropen: Dispatch<SetStateAction<boolean>>; partner_sortby: string; partner_setsortby: Dispatch<...>; } | null'.
components/partner/Partnershortdiologsection.tsx(23,5): error TS2339: Property 'partner_setsortby' does not exist on type '{ partner_sortopen: boolean; partner_setsortopen: Dispatch<SetStateAction<boolean>>; partner_filteropen: boolean; partner_setfilteropen: Dispatch<SetStateAction<boolean>>; partner_sortby: string; partner_setsortby: Dispatch<...>; } | null'.
components/product/Productsortdiologsection.tsx(18,11): error TS2339: Property 'product_sortopen' does not exist on type '{ product_sortopen: boolean; product_setsortopen: Dispatch<SetStateAction<boolean>>; product_filteropen: boolean; product_setfilteropen: Dispatch<SetStateAction<boolean>>; product_sortby: string; product_setsortby: Dispatch<...>; } | null'.
components/product/Productsortdiologsection.tsx(18,29): error TS2339: Property 'product_setsortopen' does not exist on type '{ product_sortopen: boolean; product_setsortopen: Dispatch<SetStateAction<boolean>>; product_filteropen: boolean; product_setfilteropen: Dispatch<SetStateAction<boolean>>; product_sortby: string; product_setsortby: Dispatch<...>; } | null'.
components/product/Productsortdiologsection.tsx(18,50): error TS2339: Property 'product_sortby' does not exist on type '{ product_sortopen: boolean; product_setsortopen: Dispatch<SetStateAction<boolean>>; product_filteropen: boolean; product_setfilteropen: Dispatch<SetStateAction<boolean>>; product_sortby: string; product_setsortby: Dispatch<...>; } | null'.
components/product/Productsortdiologsection.tsx(18,66): error TS2339: Property 'product_setsortby' does not exist on type '{ product_sortopen: boolean; product_setsortopen: Dispatch<SetStateAction<boolean>>; product_filteropen: boolean; product_setfilteropen: Dispatch<SetStateAction<boolean>>; product_sortby: string; product_setsortby: Dispatch<...>; } | null'.
components/rider/Inforider.tsx(19,21): error TS2307: Cannot find module './Orderrow' or its corresponding type declarations.
components/rider/Rider_sort_section.tsx(19,11): error TS2339: Property 'rider_sortopen' does not exist on type '{ rider_sortopen: boolean; rider_setsortopen: Dispatch<SetStateAction<boolean>>; rider_filteropen: boolean; rider_setfilteropen: Dispatch<SetStateAction<boolean>>; rider_sortby: string; rider_setsortby: Dispatch<...>; } | null'.
components/rider/Rider_sort_section.tsx(19,27): error TS2339: Property 'rider_setsortopen' does not exist on type '{ rider_sortopen: boolean; rider_setsortopen: Dispatch<SetStateAction<boolean>>; rider_filteropen: boolean; rider_setfilteropen: Dispatch<SetStateAction<boolean>>; rider_sortby: string; rider_setsortby: Dispatch<...>; } | null'.
components/rider/Rider_sort_section.tsx(19,46): error TS2339: Property 'rider_sortby' does not exist on type '{ rider_sortopen: boolean; rider_setsortopen: Dispatch<SetStateAction<boolean>>; rider_filteropen: boolean; rider_setfilteropen: Dispatch<SetStateAction<boolean>>; rider_sortby: string; rider_setsortby: Dispatch<...>; } | null'.
components/rider/Rider_sort_section.tsx(19,60): error TS2339: Property 'rider_setsortby' does not exist on type '{ rider_sortopen: boolean; rider_setsortopen: Dispatch<SetStateAction<boolean>>; rider_filteropen: boolean; rider_setfilteropen: Dispatch<SetStateAction<boolean>>; rider_sortby: string; rider_setsortby: Dispatch<...>; } | null'.
components/ui/Smartpagi.tsx(75,19): error TS2345: Argument of type '`${string}?${string}`' is not assignable to parameter of type 'RouteImpl<`${string}?${string}`>'.
components/ui/Smartpagi.tsx(88,29): error TS2322: Type '{ children: number; href: string; isActive: boolean; }' is not assignable to type 'IntrinsicAttributes & { isActive?: boolean | undefined; } & Pick<ClassAttributes<HTMLButtonElement> & ButtonHTMLAttributes<HTMLButtonElement> & VariantProps<...> & { ...; }, "size"> & ClassAttributes<...> & ButtonHTMLAttributes<...> & VariantProps<...> & { ...; }'.
  Property 'href' does not exist on type 'IntrinsicAttributes & { isActive?: boolean | undefined; } & Pick<ClassAttributes<HTMLButtonElement> & ButtonHTMLAttributes<HTMLButtonElement> & VariantProps<...> & { ...; }, "size"> & ClassAttributes<...> & ButtonHTMLAttributes<...> & VariantProps<...> & { ...; }'. Did you mean 'ref'?
components/ui/Smartpagi.tsx(97,27): error TS2322: Type '{ children: string; href: string; isActive: boolean; }' is not assignable to type 'IntrinsicAttributes & { isActive?: boolean | undefined; } & Pick<ClassAttributes<HTMLButtonElement> & ButtonHTMLAttributes<HTMLButtonElement> & VariantProps<...> & { ...; }, "size"> & ClassAttributes<...> & ButtonHTMLAttributes<...> & VariantProps<...> & { ...; }'.
  Property 'href' does not exist on type 'IntrinsicAttributes & { isActive?: boolean | undefined; } & Pick<ClassAttributes<HTMLButtonElement> & ButtonHTMLAttributes<HTMLButtonElement> & VariantProps<...> & { ...; }, "size"> & ClassAttributes<...> & ButtonHTMLAttributes<...> & VariantProps<...> & { ...; }'. Did you mean 'ref'?
components/ui/Smartpagi.tsx(117,29): error TS2322: Type '{ children: number; href: string; isActive: boolean; }' is not assignable to type 'IntrinsicAttributes & { isActive?: boolean | undefined; } & Pick<ClassAttributes<HTMLButtonElement> & ButtonHTMLAttributes<HTMLButtonElement> & VariantProps<...> & { ...; }, "size"> & ClassAttributes<...> & ButtonHTMLAttributes<...> & VariantProps<...> & { ...; }'.
  Property 'href' does not exist on type 'IntrinsicAttributes & { isActive?: boolean | undefined; } & Pick<ClassAttributes<HTMLButtonElement> & ButtonHTMLAttributes<HTMLButtonElement> & VariantProps<...> & { ...; }, "size"> & ClassAttributes<...> & ButtonHTMLAttributes<...> & VariantProps<...> & { ...; }'. Did you mean 'ref'?
components/ui/Smartpagi.tsx(135,13): error TS2322: Type '{ children: number; href: string; isActive: boolean; }' is not assignable to type 'IntrinsicAttributes & { isActive?: boolean | undefined; } & Pick<ClassAttributes<HTMLButtonElement> & ButtonHTMLAttributes<HTMLButtonElement> & VariantProps<...> & { ...; }, "size"> & ClassAttributes<...> & ButtonHTMLAttributes<...> & VariantProps<...> & { ...; }'.
  Property 'href' does not exist on type 'IntrinsicAttributes & { isActive?: boolean | undefined; } & Pick<ClassAttributes<HTMLButtonElement> & ButtonHTMLAttributes<HTMLButtonElement> & VariantProps<...> & { ...; }, "size"> & ClassAttributes<...> & ButtonHTMLAttributes<...> & VariantProps<...> & { ...; }'. Did you mean 'ref'?
components/ui/Smartpagi.tsx(162,15): error TS2322: Type '{ href: string; "aria-disabled": boolean; tabIndex: number | undefined; className: string | undefined; }' is not assignable to type 'IntrinsicAttributes & { isActive?: boolean | undefined; } & Pick<ClassAttributes<HTMLButtonElement> & ButtonHTMLAttributes<HTMLButtonElement> & VariantProps<...> & { ...; }, "size"> & ClassAttributes<...> & ButtonHTMLAttributes<...> & VariantProps<...> & { ...; }'.
  Property 'href' does not exist on type 'IntrinsicAttributes & { isActive?: boolean | undefined; } & Pick<ClassAttributes<HTMLButtonElement> & ButtonHTMLAttributes<HTMLButtonElement> & VariantProps<...> & { ...; }, "size"> & ClassAttributes<...> & ButtonHTMLAttributes<...> & VariantProps<...> & { ...; }'. Did you mean 'ref'?
components/ui/Smartpagi.tsx(173,15): error TS2322: Type '{ href: string; "aria-disabled": boolean; tabIndex: number | undefined; className: string | undefined; }' is not assignable to type 'IntrinsicAttributes & { isActive?: boolean | undefined; } & Pick<ClassAttributes<HTMLButtonElement> & ButtonHTMLAttributes<HTMLButtonElement> & VariantProps<...> & { ...; }, "size"> & ClassAttributes<...> & ButtonHTMLAttributes<...> & VariantProps<...> & { ...; }'.
  Property 'href' does not exist on type 'IntrinsicAttributes & { isActive?: boolean | undefined; } & Pick<ClassAttributes<HTMLButtonElement> & ButtonHTMLAttributes<HTMLButtonElement> & VariantProps<...> & { ...; }, "size"> & ClassAttributes<...> & ButtonHTMLAttributes<...> & VariantProps<...> & { ...; }'. Did you mean 'ref'?
components/users/Userinfowrap.tsx(123,26): error TS2769: No overload matches this call.
  Overload 1 of 4, '(value: string | number | Date): Date', gave the following error.
    Argument of type 'string | null' is not assignable to parameter of type 'string | number | Date'.
      Type 'null' is not assignable to type 'string | number | Date'.
  Overload 2 of 4, '(value: string | number): Date', gave the following error.
    Argument of type 'string | null' is not assignable to parameter of type 'string | number'.
      Type 'null' is not assignable to type 'string | number'.
